2023-08-21 13:22:06,502 - root - INFO - Processing res function...
2023-08-21 13:22:06,502 - root - INFO - hdfc:
2023-08-21 13:22:06,502 - root - INFO - ccResponse URL: https://pi.eduleadonline.com/ccavResponseHandler
2023-08-21 13:22:06,502 - root - INFO - ccavResponse processed_url: production
2023-08-21 13:22:06,502 - root - INFO - ccavResponse config_file_path: hdfc_test_server_config.json
2023-08-21 13:22:06,503 - root - INFO - ccavResponse config_dataaa: {'Merchant ID': '2649161', 'Access Code': 'AVYA87KG31AX44AYXA', 'Working Key': 'F5D6C4A01508C64EEF91EBDB72336ECB', 'Redirect URL': 'https://pi.eduleadonline.com/ccavResponseHandler', 'Cancel URL': 'https://pi.eduleadonline.com/ccavResponseHandler', 'Site Name': 'https://soulwsc.eduleadonline.com/app/onlinepayment/', 'Gateway Name': 'HDFC', 'Dev Type': 'Production'}
2023-08-21 13:22:06,503 - root - INFO - inside try: production
2023-08-21 13:22:06,503 - root - INFO -  processed_url: production
2023-08-21 13:22:06,503 - root - INFO -  if config_data production: {'Merchant ID': '2649161', 'Access Code': 'AVYA87KG31AX44AYXA', 'Working Key': 'F5D6C4A01508C64EEF91EBDB72336ECB', 'Redirect URL': 'https://pi.eduleadonline.com/ccavResponseHandler', 'Cancel URL': 'https://pi.eduleadonline.com/ccavResponseHandler', 'Site Name': 'https://soulwsc.eduleadonline.com/app/onlinepayment/', 'Gateway Name': 'HDFC', 'Dev Type': 'Production'}
2023-08-21 13:22:06,503 - root - INFO - 


 ccavResponse decResp: b'order_id=PAYM-2023-0027&tracking_id=312010207084&bank_ref_no=1692604300513&order_status=Success&failure_message=&payment_mode=Credit Card&card_name=Visa&status_code=null&status_message=Y&currency=INR&amount=676.00&billing_name=EDUSTU&billing_address=&billing_city=&billing_state=&billing_zip=&billing_country=&billing_tel=&billing_email=&delivery_name=&delivery_address=&delivery_city=&delivery_state=&delivery_zip=&delivery_country=&delivery_tel=&merchant_param1=&merchant_param2=&merchant_param3=&merchant_param4=&merchant_param5=&vault=N&offer_type=null&offer_code=null&discount_value=0.0&mer_amount=676.00&eci_value=null&retry=N&response_code=0&billing_notes=&trans_date=21/08/2023 13:21:40&bin_country=INDIA\x08\x08\x08\x08\x08\x08\x08\x08'
2023-08-21 13:22:06,503 - root - INFO - 


 ccavResponse parsed_data: {"b'order_id": ['PAYM-2023-0027'], 'tracking_id': ['312010207084'], 'bank_ref_no': ['1692604300513'], 'order_status': ['Success'], 'payment_mode': ['Credit Card'], 'card_name': ['Visa'], 'status_code': ['null'], 'status_message': ['Y'], 'currency': ['INR'], 'amount': ['676.00'], 'billing_name': ['EDUSTU'], 'vault': ['N'], 'offer_type': ['null'], 'offer_code': ['null'], 'discount_value': ['0.0'], 'mer_amount': ['676.00'], 'eci_value': ['null'], 'retry': ['N'], 'response_code': ['0'], 'trans_date': ['21/08/2023 13:21:40'], 'bin_country': ["INDIA\\x08\\x08\\x08\\x08\\x08\\x08\\x08\\x08'"]}
2023-08-21 13:22:06,503 - root - INFO - 


 ccavResponse cleaned_data:{'order_id': 'PAYM-2023-0027', 'tracking_id': '312010207084', 'ank_ref_no': '1692604300513', 'order_status': 'Success', 'payment_mode': 'Credit Card', 'card_name': 'Visa', 'status_code': 'null', 'status_message': 'Y', 'currency': 'INR', 'amount': '676.00', 'illing_name': 'EDUSTU', 'vault': 'N', 'offer_type': 'null', 'offer_code': 'null', 'discount_value': '0.0', 'mer_amount': '676.00', 'eci_value': 'null', 'retry': 'N', 'response_code': '0', 'trans_date': '21/08/2023 13:21:40', 'in_country': "INDIA\\x08\\x08\\x08\\x08\\x08\\x08\\x08\\x08'"}
2023-08-21 13:22:06,504 - root - INFO - 


 ccavResponse order_id PAYM-2023-0027
2023-08-21 13:22:06,504 - root - INFO - 


 ccavResponse tracking_id 312010207084
2023-08-21 13:22:06,504 - root - INFO - 


 ccavResponse amount 676.00
2023-08-21 13:22:06,504 - root - INFO - 


 ccavResponse order_status Success
2023-08-21 13:22:06,504 - root - INFO - 


 ccavResponse trans_date 21/08/2023 13:21:40
2023-08-21 13:22:06,504 - root - INFO - 


 ccavResponse redirect_url https://soulwsc.eduleadonline.com/app/onlinepayment/PAYM-2023-0027
2023-08-21 13:22:06,504 - root - INFO - 


 ccavResponse base_url https://soulwsc.eduleadonline.com
2023-08-21 13:22:06,504 - root - INFO - 


 ccavResponse api_getToken https://soulwsc.eduleadonline.com/api/method/wsc.wsc.doctype.onlinepayment.onlinepayment.get_token
2023-08-21 14:47:05,070 - root - INFO - Processing res function...
2023-08-21 14:47:05,071 - root - INFO - hdfc:
2023-08-21 14:47:05,071 - root - INFO - ccResponse URL: https://pi.eduleadonline.com/ccavResponseHandler
2023-08-21 14:47:05,071 - root - INFO - ccavResponse processed_url: production
2023-08-21 14:47:05,071 - root - INFO - ccavResponse config_file_path: hdfc_test_server_config.json
2023-08-21 14:47:05,071 - root - INFO - ccavResponse config_dataaa: {'Merchant ID': '2649161', 'Access Code': 'AVYA87KG31AX44AYXA', 'Working Key': 'F5D6C4A01508C64EEF91EBDB72336ECB', 'Redirect URL': 'https://pi.eduleadonline.com/ccavResponseHandler', 'Cancel URL': 'https://pi.eduleadonline.com/ccavResponseHandler', 'Site Name': 'https://soulwsc.eduleadonline.com/app/onlinepayment/', 'Gateway Name': 'HDFC', 'Dev Type': 'Production'}
2023-08-21 14:47:05,072 - root - INFO - inside try: production
2023-08-21 14:47:05,072 - root - INFO -  processed_url: production
2023-08-21 14:47:05,072 - root - INFO -  if config_data production: {'Merchant ID': '2649161', 'Access Code': 'AVYA87KG31AX44AYXA', 'Working Key': 'F5D6C4A01508C64EEF91EBDB72336ECB', 'Redirect URL': 'https://pi.eduleadonline.com/ccavResponseHandler', 'Cancel URL': 'https://pi.eduleadonline.com/ccavResponseHandler', 'Site Name': 'https://soulwsc.eduleadonline.com/app/onlinepayment/', 'Gateway Name': 'HDFC', 'Dev Type': 'Production'}
2023-08-21 14:47:05,072 - root - INFO - 


 ccavResponse decResp: b'order_id=PAYM-2023-0028&tracking_id=312010208232&bank_ref_no=null&order_status=Aborted&failure_message=&payment_mode=null&card_name=null&status_code=&status_message=Cancel reason is not specified by the customer.&currency=INR&amount=756.00&billing_name=EDUSTU&billing_address=&billing_city=&billing_state=&billing_zip=&billing_country=&billing_tel=&billing_email=&delivery_name=&delivery_address=&delivery_city=&delivery_state=&delivery_zip=&delivery_country=&delivery_tel=&merchant_param1=&merchant_param2=&merchant_param3=&merchant_param4=&merchant_param5=&vault=N&offer_type=null&offer_code=null&discount_value=0.0&mer_amount=756.00&eci_value=&retry=null&response_code=&billing_notes=&trans_date=null&bin_country=\x04\x04\x04\x04'
2023-08-21 14:47:05,072 - root - INFO - 


 ccavResponse parsed_data: {"b'order_id": ['PAYM-2023-0028'], 'tracking_id': ['312010208232'], 'bank_ref_no': ['null'], 'order_status': ['Aborted'], 'payment_mode': ['null'], 'card_name': ['null'], 'status_message': ['Cancel reason is not specified by the customer.'], 'currency': ['INR'], 'amount': ['756.00'], 'billing_name': ['EDUSTU'], 'vault': ['N'], 'offer_type': ['null'], 'offer_code': ['null'], 'discount_value': ['0.0'], 'mer_amount': ['756.00'], 'retry': ['null'], 'trans_date': ['null'], 'bin_country': ["\\x04\\x04\\x04\\x04'"]}
2023-08-21 14:47:05,073 - root - INFO - 


 ccavResponse cleaned_data:{'order_id': 'PAYM-2023-0028', 'tracking_id': '312010208232', 'ank_ref_no': 'null', 'order_status': 'Aborted', 'payment_mode': 'null', 'card_name': 'null', 'status_message': 'Cancel reason is not specified by the customer.', 'currency': 'INR', 'amount': '756.00', 'illing_name': 'EDUSTU', 'vault': 'N', 'offer_type': 'null', 'offer_code': 'null', 'discount_value': '0.0', 'mer_amount': '756.00', 'retry': 'null', 'trans_date': 'null', 'in_country': "\\x04\\x04\\x04\\x04'"}
2023-08-21 14:47:05,073 - root - INFO - 


 ccavResponse order_id PAYM-2023-0028
2023-08-21 14:47:05,073 - root - INFO - 


 ccavResponse tracking_id 312010208232
2023-08-21 14:47:05,073 - root - INFO - 


 ccavResponse amount 756.00
2023-08-21 14:47:05,073 - root - INFO - 


 ccavResponse order_status Aborted
2023-08-21 14:47:05,074 - root - INFO - 


 ccavResponse trans_date null
2023-08-21 14:47:05,074 - root - INFO - 


 ccavResponse redirect_url https://soulwsc.eduleadonline.com/app/onlinepayment/PAYM-2023-0028
2023-08-21 14:47:05,074 - root - INFO - 


 ccavResponse base_url https://soulwsc.eduleadonline.com
2023-08-21 14:47:05,074 - root - INFO - 


 ccavResponse api_getToken https://soulwsc.eduleadonline.com/api/method/wsc.wsc.doctype.onlinepayment.onlinepayment.get_token
2023-08-21 14:48:19,069 - root - INFO - Processing res function...
2023-08-21 14:48:19,069 - root - INFO - hdfc:
2023-08-21 14:48:19,069 - root - INFO - ccResponse URL: https://pi.eduleadonline.com/ccavResponseHandler
2023-08-21 14:48:19,069 - root - INFO - ccavResponse processed_url: production
2023-08-21 14:48:19,069 - root - INFO - ccavResponse config_file_path: hdfc_test_server_config.json
2023-08-21 14:48:19,070 - root - INFO - ccavResponse config_dataaa: {'Merchant ID': '2649161', 'Access Code': 'AVYA87KG31AX44AYXA', 'Working Key': 'F5D6C4A01508C64EEF91EBDB72336ECB', 'Redirect URL': 'https://pi.eduleadonline.com/ccavResponseHandler', 'Cancel URL': 'https://pi.eduleadonline.com/ccavResponseHandler', 'Site Name': 'https://soulwsc.eduleadonline.com/app/onlinepayment/', 'Gateway Name': 'HDFC', 'Dev Type': 'Production'}
2023-08-21 14:48:19,070 - root - INFO - inside try: production
2023-08-21 14:48:19,070 - root - INFO -  processed_url: production
2023-08-21 14:48:19,070 - root - INFO -  if config_data production: {'Merchant ID': '2649161', 'Access Code': 'AVYA87KG31AX44AYXA', 'Working Key': 'F5D6C4A01508C64EEF91EBDB72336ECB', 'Redirect URL': 'https://pi.eduleadonline.com/ccavResponseHandler', 'Cancel URL': 'https://pi.eduleadonline.com/ccavResponseHandler', 'Site Name': 'https://soulwsc.eduleadonline.com/app/onlinepayment/', 'Gateway Name': 'HDFC', 'Dev Type': 'Production'}
2023-08-21 14:48:19,070 - root - INFO - 


 ccavResponse decResp: b'order_id=PAYM-2023-0029&tracking_id=312010208255&bank_ref_no=null&order_status=Aborted&failure_message=&payment_mode=null&card_name=null&status_code=&status_message=Cancel reason is not specified by the customer.&currency=INR&amount=200.00&billing_name=EDUSTU&billing_address=&billing_city=&billing_state=&billing_zip=&billing_country=&billing_tel=&billing_email=&delivery_name=&delivery_address=&delivery_city=&delivery_state=&delivery_zip=&delivery_country=&delivery_tel=&merchant_param1=&merchant_param2=&merchant_param3=&merchant_param4=&merchant_param5=&vault=N&offer_type=null&offer_code=null&discount_value=0.0&mer_amount=200.00&eci_value=&retry=null&response_code=&billing_notes=&trans_date=null&bin_country=\x04\x04\x04\x04'
2023-08-21 14:48:19,070 - root - INFO - 


 ccavResponse parsed_data: {"b'order_id": ['PAYM-2023-0029'], 'tracking_id': ['312010208255'], 'bank_ref_no': ['null'], 'order_status': ['Aborted'], 'payment_mode': ['null'], 'card_name': ['null'], 'status_message': ['Cancel reason is not specified by the customer.'], 'currency': ['INR'], 'amount': ['200.00'], 'billing_name': ['EDUSTU'], 'vault': ['N'], 'offer_type': ['null'], 'offer_code': ['null'], 'discount_value': ['0.0'], 'mer_amount': ['200.00'], 'retry': ['null'], 'trans_date': ['null'], 'bin_country': ["\\x04\\x04\\x04\\x04'"]}
2023-08-21 14:48:19,070 - root - INFO - 


 ccavResponse cleaned_data:{'order_id': 'PAYM-2023-0029', 'tracking_id': '312010208255', 'ank_ref_no': 'null', 'order_status': 'Aborted', 'payment_mode': 'null', 'card_name': 'null', 'status_message': 'Cancel reason is not specified by the customer.', 'currency': 'INR', 'amount': '200.00', 'illing_name': 'EDUSTU', 'vault': 'N', 'offer_type': 'null', 'offer_code': 'null', 'discount_value': '0.0', 'mer_amount': '200.00', 'retry': 'null', 'trans_date': 'null', 'in_country': "\\x04\\x04\\x04\\x04'"}
2023-08-21 14:48:19,070 - root - INFO - 


 ccavResponse order_id PAYM-2023-0029
2023-08-21 14:48:19,071 - root - INFO - 


 ccavResponse tracking_id 312010208255
2023-08-21 14:48:19,071 - root - INFO - 


 ccavResponse amount 200.00
2023-08-21 14:48:19,071 - root - INFO - 


 ccavResponse order_status Aborted
2023-08-21 14:48:19,071 - root - INFO - 


 ccavResponse trans_date null
2023-08-21 14:48:19,071 - root - INFO - 


 ccavResponse redirect_url https://soulwsc.eduleadonline.com/app/onlinepayment/PAYM-2023-0029
2023-08-21 14:48:19,071 - root - INFO - 


 ccavResponse base_url https://soulwsc.eduleadonline.com
2023-08-21 14:48:19,071 - root - INFO - 


 ccavResponse api_getToken https://soulwsc.eduleadonline.com/api/method/wsc.wsc.doctype.onlinepayment.onlinepayment.get_token
2023-08-21 14:51:08,897 - root - INFO - Processing res function...
2023-08-21 14:51:08,897 - root - INFO - hdfc:
2023-08-21 14:51:08,898 - root - INFO - ccResponse URL: https://pi.eduleadonline.com/ccavResponseHandler
2023-08-21 14:51:08,898 - root - INFO - ccavResponse processed_url: production
2023-08-21 14:51:08,898 - root - INFO - ccavResponse config_file_path: hdfc_test_server_config.json
2023-08-21 14:51:08,899 - root - INFO - ccavResponse config_dataaa: {'Merchant ID': '2649161', 'Access Code': 'AVYA87KG31AX44AYXA', 'Working Key': 'F5D6C4A01508C64EEF91EBDB72336ECB', 'Redirect URL': 'https://pi.eduleadonline.com/ccavResponseHandler', 'Cancel URL': 'https://pi.eduleadonline.com/ccavResponseHandler', 'Site Name': 'https://soulwsc.eduleadonline.com/app/onlinepayment/', 'Gateway Name': 'HDFC', 'Dev Type': 'Production'}
2023-08-21 14:51:08,899 - root - INFO - inside try: production
2023-08-21 14:51:08,899 - root - INFO -  processed_url: production
2023-08-21 14:51:08,900 - root - INFO -  if config_data production: {'Merchant ID': '2649161', 'Access Code': 'AVYA87KG31AX44AYXA', 'Working Key': 'F5D6C4A01508C64EEF91EBDB72336ECB', 'Redirect URL': 'https://pi.eduleadonline.com/ccavResponseHandler', 'Cancel URL': 'https://pi.eduleadonline.com/ccavResponseHandler', 'Site Name': 'https://soulwsc.eduleadonline.com/app/onlinepayment/', 'Gateway Name': 'HDFC', 'Dev Type': 'Production'}
2023-08-21 14:51:08,900 - root - INFO - 


 ccavResponse decResp: b'order_id=PAYM-2023-0028&tracking_id=312010208298&bank_ref_no=null&order_status=Aborted&failure_message=&payment_mode=null&card_name=null&status_code=&status_message=Cancel reason is not specified by the customer.&currency=INR&amount=100.00&billing_name=EDUSTU&billing_address=&billing_city=&billing_state=&billing_zip=&billing_country=&billing_tel=&billing_email=&delivery_name=&delivery_address=&delivery_city=&delivery_state=&delivery_zip=&delivery_country=&delivery_tel=&merchant_param1=&merchant_param2=&merchant_param3=&merchant_param4=&merchant_param5=&vault=N&offer_type=null&offer_code=null&discount_value=0.0&mer_amount=100.00&eci_value=&retry=null&response_code=&billing_notes=&trans_date=null&bin_country=\x04\x04\x04\x04'
2023-08-21 14:51:08,900 - root - INFO - 


 ccavResponse parsed_data: {"b'order_id": ['PAYM-2023-0028'], 'tracking_id': ['312010208298'], 'bank_ref_no': ['null'], 'order_status': ['Aborted'], 'payment_mode': ['null'], 'card_name': ['null'], 'status_message': ['Cancel reason is not specified by the customer.'], 'currency': ['INR'], 'amount': ['100.00'], 'billing_name': ['EDUSTU'], 'vault': ['N'], 'offer_type': ['null'], 'offer_code': ['null'], 'discount_value': ['0.0'], 'mer_amount': ['100.00'], 'retry': ['null'], 'trans_date': ['null'], 'bin_country': ["\\x04\\x04\\x04\\x04'"]}
2023-08-21 14:51:08,901 - root - INFO - 


 ccavResponse cleaned_data:{'order_id': 'PAYM-2023-0028', 'tracking_id': '312010208298', 'ank_ref_no': 'null', 'order_status': 'Aborted', 'payment_mode': 'null', 'card_name': 'null', 'status_message': 'Cancel reason is not specified by the customer.', 'currency': 'INR', 'amount': '100.00', 'illing_name': 'EDUSTU', 'vault': 'N', 'offer_type': 'null', 'offer_code': 'null', 'discount_value': '0.0', 'mer_amount': '100.00', 'retry': 'null', 'trans_date': 'null', 'in_country': "\\x04\\x04\\x04\\x04'"}
2023-08-21 14:51:08,901 - root - INFO - 


 ccavResponse order_id PAYM-2023-0028
2023-08-21 14:51:08,901 - root - INFO - 


 ccavResponse tracking_id 312010208298
2023-08-21 14:51:08,901 - root - INFO - 


 ccavResponse amount 100.00
2023-08-21 14:51:08,902 - root - INFO - 


 ccavResponse order_status Aborted
2023-08-21 14:51:08,902 - root - INFO - 


 ccavResponse trans_date null
2023-08-21 14:51:08,902 - root - INFO - 


 ccavResponse redirect_url https://soulwsc.eduleadonline.com/app/onlinepayment/PAYM-2023-0028
2023-08-21 14:51:08,903 - root - INFO - 


 ccavResponse base_url https://soulwsc.eduleadonline.com
2023-08-21 14:51:08,903 - root - INFO - 


 ccavResponse api_getToken https://soulwsc.eduleadonline.com/api/method/wsc.wsc.doctype.onlinepayment.onlinepayment.get_token
2023-08-21 15:02:17,349 - root - INFO - Processing res function...
2023-08-21 15:02:17,350 - root - INFO - hdfc:
2023-08-21 15:02:17,350 - root - INFO - ccResponse URL: https://pi.eduleadonline.com/ccavResponseHandler
2023-08-21 15:02:17,350 - root - INFO - ccavResponse processed_url: production
2023-08-21 15:02:17,351 - root - INFO - ccavResponse config_file_path: hdfc_test_server_config.json
2023-08-21 15:02:17,351 - root - INFO - ccavResponse config_dataaa: {'Merchant ID': '2649161', 'Access Code': 'AVYA87KG31AX44AYXA', 'Working Key': 'F5D6C4A01508C64EEF91EBDB72336ECB', 'Redirect URL': 'https://pi.eduleadonline.com/ccavResponseHandler', 'Cancel URL': 'https://pi.eduleadonline.com/ccavResponseHandler', 'Site Name': 'https://soulwsc.eduleadonline.com/app/onlinepayment/', 'Gateway Name': 'HDFC', 'Dev Type': 'Production'}
2023-08-21 15:02:17,351 - root - INFO - inside try: production
2023-08-21 15:02:17,351 - root - INFO -  processed_url: production
2023-08-21 15:02:17,351 - root - INFO -  if config_data production: {'Merchant ID': '2649161', 'Access Code': 'AVYA87KG31AX44AYXA', 'Working Key': 'F5D6C4A01508C64EEF91EBDB72336ECB', 'Redirect URL': 'https://pi.eduleadonline.com/ccavResponseHandler', 'Cancel URL': 'https://pi.eduleadonline.com/ccavResponseHandler', 'Site Name': 'https://soulwsc.eduleadonline.com/app/onlinepayment/', 'Gateway Name': 'HDFC', 'Dev Type': 'Production'}
2023-08-21 15:02:17,352 - root - INFO - 


 ccavResponse decResp: b'order_id=PAYM-2023-0031&tracking_id=312010208458&bank_ref_no=null&order_status=Aborted&failure_message=&payment_mode=null&card_name=null&status_code=&status_message=Cancel reason is not specified by the customer.&currency=INR&amount=200.00&billing_name=EDUSTU&billing_address=&billing_city=&billing_state=&billing_zip=&billing_country=&billing_tel=&billing_email=&delivery_name=&delivery_address=&delivery_city=&delivery_state=&delivery_zip=&delivery_country=&delivery_tel=&merchant_param1=&merchant_param2=&merchant_param3=&merchant_param4=&merchant_param5=&vault=N&offer_type=null&offer_code=null&discount_value=0.0&mer_amount=200.00&eci_value=&retry=null&response_code=&billing_notes=&trans_date=null&bin_country=\x04\x04\x04\x04'
2023-08-21 15:02:17,352 - root - INFO - 


 ccavResponse parsed_data: {"b'order_id": ['PAYM-2023-0031'], 'tracking_id': ['312010208458'], 'bank_ref_no': ['null'], 'order_status': ['Aborted'], 'payment_mode': ['null'], 'card_name': ['null'], 'status_message': ['Cancel reason is not specified by the customer.'], 'currency': ['INR'], 'amount': ['200.00'], 'billing_name': ['EDUSTU'], 'vault': ['N'], 'offer_type': ['null'], 'offer_code': ['null'], 'discount_value': ['0.0'], 'mer_amount': ['200.00'], 'retry': ['null'], 'trans_date': ['null'], 'bin_country': ["\\x04\\x04\\x04\\x04'"]}
2023-08-21 15:02:17,352 - root - INFO - 


 ccavResponse cleaned_data:{'order_id': 'PAYM-2023-0031', 'tracking_id': '312010208458', 'ank_ref_no': 'null', 'order_status': 'Aborted', 'payment_mode': 'null', 'card_name': 'null', 'status_message': 'Cancel reason is not specified by the customer.', 'currency': 'INR', 'amount': '200.00', 'illing_name': 'EDUSTU', 'vault': 'N', 'offer_type': 'null', 'offer_code': 'null', 'discount_value': '0.0', 'mer_amount': '200.00', 'retry': 'null', 'trans_date': 'null', 'in_country': "\\x04\\x04\\x04\\x04'"}
2023-08-21 15:02:17,352 - root - INFO - 


 ccavResponse order_id PAYM-2023-0031
2023-08-21 15:02:17,353 - root - INFO - 


 ccavResponse tracking_id 312010208458
2023-08-21 15:02:17,353 - root - INFO - 


 ccavResponse amount 200.00
2023-08-21 15:02:17,353 - root - INFO - 


 ccavResponse order_status Aborted
2023-08-21 15:02:17,353 - root - INFO - 


 ccavResponse trans_date null
2023-08-21 15:02:17,353 - root - INFO - 


 ccavResponse redirect_url https://soulwsc.eduleadonline.com/app/onlinepayment/PAYM-2023-0031
2023-08-21 15:02:17,354 - root - INFO - 


 ccavResponse base_url https://soulwsc.eduleadonline.com
2023-08-21 15:02:17,354 - root - INFO - 


 ccavResponse api_getToken https://soulwsc.eduleadonline.com/api/method/wsc.wsc.doctype.onlinepayment.onlinepayment.get_token
2023-08-21 15:10:40,499 - root - INFO - Processing res function...
2023-08-21 15:10:40,499 - root - INFO - hdfc:
2023-08-21 15:10:40,499 - root - INFO - ccResponse URL: https://pi.eduleadonline.com/ccavResponseHandler
2023-08-21 15:10:40,499 - root - INFO - ccavResponse processed_url: production
2023-08-21 15:10:40,499 - root - INFO - ccavResponse config_file_path: hdfc_test_server_config.json
2023-08-21 15:10:40,500 - root - INFO - ccavResponse config_dataaa: {'Merchant ID': '2649161', 'Access Code': 'AVYA87KG31AX44AYXA', 'Working Key': 'F5D6C4A01508C64EEF91EBDB72336ECB', 'Redirect URL': 'https://pi.eduleadonline.com/ccavResponseHandler', 'Cancel URL': 'https://pi.eduleadonline.com/ccavResponseHandler', 'Site Name': 'https://soulwsc.eduleadonline.com/app/onlinepayment/', 'Gateway Name': 'HDFC', 'Dev Type': 'Production'}
2023-08-21 15:10:40,500 - root - INFO - inside try: production
2023-08-21 15:10:40,500 - root - INFO -  processed_url: production
2023-08-21 15:10:40,500 - root - INFO -  if config_data production: {'Merchant ID': '2649161', 'Access Code': 'AVYA87KG31AX44AYXA', 'Working Key': 'F5D6C4A01508C64EEF91EBDB72336ECB', 'Redirect URL': 'https://pi.eduleadonline.com/ccavResponseHandler', 'Cancel URL': 'https://pi.eduleadonline.com/ccavResponseHandler', 'Site Name': 'https://soulwsc.eduleadonline.com/app/onlinepayment/', 'Gateway Name': 'HDFC', 'Dev Type': 'Production'}
2023-08-21 15:10:40,500 - root - INFO - 


 ccavResponse decResp: b'order_id=PAYM-2023-0032&tracking_id=312010208579&bank_ref_no=null&order_status=Aborted&failure_message=&payment_mode=null&card_name=null&status_code=&status_message=Cancel reason is not specified by the customer.&currency=INR&amount=50.00&billing_name=EDUSTU&billing_address=&billing_city=&billing_state=&billing_zip=&billing_country=&billing_tel=&billing_email=&delivery_name=&delivery_address=&delivery_city=&delivery_state=&delivery_zip=&delivery_country=&delivery_tel=&merchant_param1=&merchant_param2=&merchant_param3=&merchant_param4=&merchant_param5=&vault=N&offer_type=null&offer_code=null&discount_value=0.0&mer_amount=50.00&eci_value=&retry=null&response_code=&billing_notes=&trans_date=null&bin_country=\x06\x06\x06\x06\x06\x06'
2023-08-21 15:10:40,501 - root - INFO - 


 ccavResponse parsed_data: {"b'order_id": ['PAYM-2023-0032'], 'tracking_id': ['312010208579'], 'bank_ref_no': ['null'], 'order_status': ['Aborted'], 'payment_mode': ['null'], 'card_name': ['null'], 'status_message': ['Cancel reason is not specified by the customer.'], 'currency': ['INR'], 'amount': ['50.00'], 'billing_name': ['EDUSTU'], 'vault': ['N'], 'offer_type': ['null'], 'offer_code': ['null'], 'discount_value': ['0.0'], 'mer_amount': ['50.00'], 'retry': ['null'], 'trans_date': ['null'], 'bin_country': ["\\x06\\x06\\x06\\x06\\x06\\x06'"]}
2023-08-21 15:10:40,501 - root - INFO - 


 ccavResponse cleaned_data:{'order_id': 'PAYM-2023-0032', 'tracking_id': '312010208579', 'ank_ref_no': 'null', 'order_status': 'Aborted', 'payment_mode': 'null', 'card_name': 'null', 'status_message': 'Cancel reason is not specified by the customer.', 'currency': 'INR', 'amount': '50.00', 'illing_name': 'EDUSTU', 'vault': 'N', 'offer_type': 'null', 'offer_code': 'null', 'discount_value': '0.0', 'mer_amount': '50.00', 'retry': 'null', 'trans_date': 'null', 'in_country': "\\x06\\x06\\x06\\x06\\x06\\x06'"}
2023-08-21 15:10:40,501 - root - INFO - 


 ccavResponse order_id PAYM-2023-0032
2023-08-21 15:10:40,502 - root - INFO - 


 ccavResponse tracking_id 312010208579
2023-08-21 15:10:40,502 - root - INFO - 


 ccavResponse amount 50.00
2023-08-21 15:10:40,502 - root - INFO - 


 ccavResponse order_status Aborted
2023-08-21 15:10:40,502 - root - INFO - 


 ccavResponse trans_date null
2023-08-21 15:10:40,503 - root - INFO - 


 ccavResponse redirect_url https://soulwsc.eduleadonline.com/app/onlinepayment/PAYM-2023-0032
2023-08-21 15:10:40,503 - root - INFO - 


 ccavResponse base_url https://soulwsc.eduleadonline.com
2023-08-21 15:10:40,503 - root - INFO - 


 ccavResponse api_getToken https://soulwsc.eduleadonline.com/api/method/wsc.wsc.doctype.onlinepayment.onlinepayment.get_token
2023-08-21 15:20:45,316 - root - INFO - Processing res function...
2023-08-21 15:20:45,316 - root - INFO - hdfc:
2023-08-21 15:20:45,316 - root - INFO - ccResponse URL: https://pi.eduleadonline.com/ccavResponseHandler
2023-08-21 15:20:45,317 - root - INFO - ccavResponse processed_url: production
2023-08-21 15:20:45,317 - root - INFO - ccavResponse config_file_path: hdfc_test_server_config.json
2023-08-21 15:20:45,317 - root - INFO - ccavResponse config_dataaa: {'Merchant ID': '2649161', 'Access Code': 'AVYA87KG31AX44AYXA', 'Working Key': 'F5D6C4A01508C64EEF91EBDB72336ECB', 'Redirect URL': 'https://pi.eduleadonline.com/ccavResponseHandler', 'Cancel URL': 'https://pi.eduleadonline.com/ccavResponseHandler', 'Site Name': 'https://soulwsc.eduleadonline.com/app/onlinepayment/', 'Gateway Name': 'HDFC', 'Dev Type': 'Production'}
2023-08-21 15:20:45,317 - root - INFO - inside try: production
2023-08-21 15:20:45,317 - root - INFO -  processed_url: production
2023-08-21 15:20:45,317 - root - INFO -  if config_data production: {'Merchant ID': '2649161', 'Access Code': 'AVYA87KG31AX44AYXA', 'Working Key': 'F5D6C4A01508C64EEF91EBDB72336ECB', 'Redirect URL': 'https://pi.eduleadonline.com/ccavResponseHandler', 'Cancel URL': 'https://pi.eduleadonline.com/ccavResponseHandler', 'Site Name': 'https://soulwsc.eduleadonline.com/app/onlinepayment/', 'Gateway Name': 'HDFC', 'Dev Type': 'Production'}
2023-08-21 15:20:45,317 - root - INFO - 


 ccavResponse decResp: b'order_id=PAYM-2023-0034&tracking_id=312010208738&bank_ref_no=1692611402259&order_status=Success&failure_message=&payment_mode=Credit Card&card_name=Visa&status_code=null&status_message=Y&currency=INR&amount=100.00&billing_name=EDUSTU&billing_address=&billing_city=&billing_state=&billing_zip=&billing_country=&billing_tel=&billing_email=&delivery_name=&delivery_address=&delivery_city=&delivery_state=&delivery_zip=&delivery_country=&delivery_tel=&merchant_param1=&merchant_param2=&merchant_param3=&merchant_param4=&merchant_param5=&vault=N&offer_type=null&offer_code=null&discount_value=0.0&mer_amount=100.00&eci_value=null&retry=N&response_code=0&billing_notes=&trans_date=21/08/2023 15:20:01&bin_country=INDIA\x08\x08\x08\x08\x08\x08\x08\x08'
2023-08-21 15:20:45,318 - root - INFO - 


 ccavResponse parsed_data: {"b'order_id": ['PAYM-2023-0034'], 'tracking_id': ['312010208738'], 'bank_ref_no': ['1692611402259'], 'order_status': ['Success'], 'payment_mode': ['Credit Card'], 'card_name': ['Visa'], 'status_code': ['null'], 'status_message': ['Y'], 'currency': ['INR'], 'amount': ['100.00'], 'billing_name': ['EDUSTU'], 'vault': ['N'], 'offer_type': ['null'], 'offer_code': ['null'], 'discount_value': ['0.0'], 'mer_amount': ['100.00'], 'eci_value': ['null'], 'retry': ['N'], 'response_code': ['0'], 'trans_date': ['21/08/2023 15:20:01'], 'bin_country': ["INDIA\\x08\\x08\\x08\\x08\\x08\\x08\\x08\\x08'"]}
2023-08-21 15:20:45,318 - root - INFO - 


 ccavResponse cleaned_data:{'order_id': 'PAYM-2023-0034', 'tracking_id': '312010208738', 'ank_ref_no': '1692611402259', 'order_status': 'Success', 'payment_mode': 'Credit Card', 'card_name': 'Visa', 'status_code': 'null', 'status_message': 'Y', 'currency': 'INR', 'amount': '100.00', 'illing_name': 'EDUSTU', 'vault': 'N', 'offer_type': 'null', 'offer_code': 'null', 'discount_value': '0.0', 'mer_amount': '100.00', 'eci_value': 'null', 'retry': 'N', 'response_code': '0', 'trans_date': '21/08/2023 15:20:01', 'in_country': "INDIA\\x08\\x08\\x08\\x08\\x08\\x08\\x08\\x08'"}
2023-08-21 15:20:45,318 - root - INFO - 


 ccavResponse order_id PAYM-2023-0034
2023-08-21 15:20:45,318 - root - INFO - 


 ccavResponse tracking_id 312010208738
2023-08-21 15:20:45,318 - root - INFO - 


 ccavResponse amount 100.00
2023-08-21 15:20:45,318 - root - INFO - 


 ccavResponse order_status Success
2023-08-21 15:20:45,318 - root - INFO - 


 ccavResponse trans_date 21/08/2023 15:20:01
2023-08-21 15:20:45,318 - root - INFO - 


 ccavResponse redirect_url https://soulwsc.eduleadonline.com/app/onlinepayment/PAYM-2023-0034
2023-08-21 15:20:45,318 - root - INFO - 


 ccavResponse base_url https://soulwsc.eduleadonline.com
2023-08-21 15:20:45,319 - root - INFO - 


 ccavResponse api_getToken https://soulwsc.eduleadonline.com/api/method/wsc.wsc.doctype.onlinepayment.onlinepayment.get_token
