2023-08-18 11:37:24,307 - root - INFO - Processing login function...
2023-08-18 11:37:24,307 - root - INFO - Input URL: http://erp.soulunileaders.com:8000/app/onlinepayment/PAYM-2023-0046
2023-08-18 11:37:24,307 - root - INFO - parsed_url: ParseResult(scheme='http', netloc='erp.soulunileaders.com:8000', path='/app/onlinepayment/PAYM-2023-0046', params='', query='', fragment='')
2023-08-18 11:37:24,307 - root - INFO - Processed URL: test
2023-08-18 11:37:24,307 - root - INFO - site_name: erp.soulunileaders.com
2023-08-18 11:37:24,307 - root - INFO - config_file_path: /home/wsc/frappe-bench/apps/wsc/wsc/wsc/hdfcIntegration/hdfc_test_server_config.json
2023-08-18 11:37:24,308 - root - INFO - config_data test: {'Merchant ID': '2649161', 'Access Code': 'AVYA87KG31AX44AYXA', 'Working Key': 'F5D6C4A01508C64EEF91EBDB72336ECB', 'Redirect URL': 'http://127.0.0.1:8080/ccavResponseHandler', 'Cancel URL': 'http://127.0.0.1:8080/ccavResponseHandler', 'Site Name': 'http://erp.soulunileaders.com:8000/app/onlinepayment/', 'Gateway Name': 'HDFC', 'Dev Type': 'Test'}
2023-08-18 11:37:24,313 - root - INFO - encryption: 098d740ea00bc982cfe6784a34d1c407c711acb5660b74dbd09edae58577708020e9088ec8b4ec4656c7d755c33e8bac520f5b3b09926bb7df4d8e6551b3450596e2258461018529855e1e2440e5b668f585b397f0195366f02c041bec5db597381c1c01c1a3a48a4e7cca987f209a86fa6e957c457dfce6c06cfa530d5e6c14d49188a1a4bea26e05b14912fd41f6fc0e33a04b423e2f365fcfbf7b24e5a6ee9a58e0c80a1ac050b15418eb40f954df4367b42642090434ee9353ba42512345c7bf91705280fb547243949198e9874c33f71f3a52de73b3774ebb898d31de7156355c08f9bd456fd2c73f81ca486800b84e7ddba4459138bd14d1e72e9d418d
2023-08-18 11:37:24,313 - root - INFO - accessCode: AVYA87KG31AX44AYXA
2023-08-18 11:37:24,313 - root - INFO - baseUrl: http://erp.soulunileaders.com:8000/app/onlinepayment/PAYM-2023-0046
2023-08-18 11:37:32,274 - root - INFO - transaction_data- {"response_data": {"b'order_id": ["PAYM-2023-0046"], "tracking_id": ["312010186602"], "bank_ref_no": ["null"], "order_status": ["Aborted"], "payment_mode": ["null"], "status_message": ["Cancel reason is not specified by the customer."], "currency": ["INR"], "amount": ["21.00"], "billing_name": ["EDUSTU"], "vault": ["N"], "offer_type": ["null"], "offer_code": ["null"], "discount_value": ["0.0"], "mer_amount": ["21.00"], "retry": ["N"], "trans_date": ["null"], "bin_country": ["\\r\\r\\r\\r\\r\\r\\r\\r\\r\\r\\r\\r\\r'"]}}
2023-08-18 11:37:32,274 - root - INFO - response_data-{"b'order_id": ['PAYM-2023-0046'], 'tracking_id': ['312010186602'], 'bank_ref_no': ['null'], 'order_status': ['Aborted'], 'payment_mode': ['null'], 'status_message': ['Cancel reason is not specified by the customer.'], 'currency': ['INR'], 'amount': ['21.00'], 'billing_name': ['EDUSTU'], 'vault': ['N'], 'offer_type': ['null'], 'offer_code': ['null'], 'discount_value': ['0.0'], 'mer_amount': ['21.00'], 'retry': ['N'], 'trans_date': ['null'], 'bin_country': ["\\r\\r\\r\\r\\r\\r\\r\\r\\r\\r\\r\\r\\r'"]}
2023-08-18 11:37:32,274 - root - INFO -  order_id-PAYM-2023-0046
2023-08-18 11:37:32,394 - root - INFO - parsed_url: ParseResult(scheme='http', netloc='erp.soulunileaders.com:8000', path='', params='', query='', fragment='')
2023-08-18 11:37:33,332 - root - INFO - config_file_path final API - /home/wsc/frappe-bench/apps/wsc/wsc/wsc/hdfcIntegration/hdfc_test_server_config.json
2023-08-18 11:37:33,333 - root - INFO - config_data for Final API - {'Merchant ID': '2649161', 'Access Code': 'AVYA87KG31AX44AYXA', 'Working Key': 'F5D6C4A01508C64EEF91EBDB72336ECB', 'Redirect URL': 'http://127.0.0.1:8080/ccavResponseHandler', 'Cancel URL': 'http://127.0.0.1:8080/ccavResponseHandler', 'Site Name': 'http://erp.soulunileaders.com:8000/app/onlinepayment/', 'Gateway Name': 'HDFC', 'Dev Type': 'Test'}
2023-08-18 11:37:34,094 - root - INFO - final_status_info ==Order ID: PAYM-2023-0046
Transaction ID: 312010186602
Gross Amount : 21
Order Amount : 21
Order Status: Aborted
Time of Transaction: 2023-08-18 11:37:24.8
Bank Ref No.: Cancel reason is not specified by the customer.
2023-08-18 11:37:50,920 - root - INFO - Processing login function...
2023-08-18 11:37:50,920 - root - INFO - Input URL: http://erp.soulunileaders.com:8000/app/onlinepayment/PAYM-2023-0047
2023-08-18 11:37:50,920 - root - INFO - parsed_url: ParseResult(scheme='http', netloc='erp.soulunileaders.com:8000', path='/app/onlinepayment/PAYM-2023-0047', params='', query='', fragment='')
2023-08-18 11:37:50,920 - root - INFO - Processed URL: test
2023-08-18 11:37:50,920 - root - INFO - site_name: erp.soulunileaders.com
2023-08-18 11:37:50,920 - root - INFO - config_file_path: /home/wsc/frappe-bench/apps/wsc/wsc/wsc/hdfcIntegration/hdfc_test_server_config.json
2023-08-18 11:37:50,920 - root - INFO - config_data test: {'Merchant ID': '2649161', 'Access Code': 'AVYA87KG31AX44AYXA', 'Working Key': 'F5D6C4A01508C64EEF91EBDB72336ECB', 'Redirect URL': 'http://127.0.0.1:8080/ccavResponseHandler', 'Cancel URL': 'http://127.0.0.1:8080/ccavResponseHandler', 'Site Name': 'http://erp.soulunileaders.com:8000/app/onlinepayment/', 'Gateway Name': 'HDFC', 'Dev Type': 'Test'}
2023-08-18 11:37:50,920 - root - INFO - encryption: 098d740ea00bc982cfe6784a34d1c407c711acb5660b74dbd09edae585777080500e474a5de1f2b15822762a176c350cebc2b3ddc1d0b0e35929df142a7b1632fc8af4b28aa292983cbebf4ff7b60437b82a17d05c4529358b786a517c6baf49b2d2f170336817a87117b636d8590f32ee73b15d2777f29f63adc60fbd0409c782d938f8a1e966e0d1715e40eeeda61fb4b22d2858374739343434e3ecbb4d0e320955b6c6f61e5e22a1899f6a3489baaaba480c7224ba08a5cabaa974fe4254fd7a91def123221d23f7b128baf284be6f2b400e6043598bde9184044b9b1d9ad3462b857df92a98577cd631a5806319426d5f068a52613cf831e60d3b52c21d
2023-08-18 11:37:50,920 - root - INFO - accessCode: AVYA87KG31AX44AYXA
2023-08-18 11:37:50,920 - root - INFO - baseUrl: http://erp.soulunileaders.com:8000/app/onlinepayment/PAYM-2023-0047
2023-08-18 11:38:11,711 - root - INFO - transaction_data- {"response_data": {"b'order_id": ["PAYM-2023-0047"], "tracking_id": ["312010186607"], "bank_ref_no": ["1692338640156"], "order_status": ["Success"], "payment_mode": ["Credit Card"], "card_name": ["Visa"], "status_code": ["null"], "status_message": ["Y"], "currency": ["INR"], "amount": ["32.00"], "billing_name": ["EDUSTU"], "vault": ["N"], "offer_type": ["null"], "offer_code": ["null"], "discount_value": ["0.0"], "mer_amount": ["32.00"], "eci_value": ["null"], "retry": ["N"], "response_code": ["0"], "trans_date": ["18/08/2023 11:38:07"], "bin_country": ["INDIA\\n\\n\\n\\n\\n\\n\\n\\n\\n\\n'"]}}
2023-08-18 11:38:11,711 - root - INFO - response_data-{"b'order_id": ['PAYM-2023-0047'], 'tracking_id': ['312010186607'], 'bank_ref_no': ['1692338640156'], 'order_status': ['Success'], 'payment_mode': ['Credit Card'], 'card_name': ['Visa'], 'status_code': ['null'], 'status_message': ['Y'], 'currency': ['INR'], 'amount': ['32.00'], 'billing_name': ['EDUSTU'], 'vault': ['N'], 'offer_type': ['null'], 'offer_code': ['null'], 'discount_value': ['0.0'], 'mer_amount': ['32.00'], 'eci_value': ['null'], 'retry': ['N'], 'response_code': ['0'], 'trans_date': ['18/08/2023 11:38:07'], 'bin_country': ["INDIA\\n\\n\\n\\n\\n\\n\\n\\n\\n\\n'"]}
2023-08-18 11:38:11,711 - root - INFO -  order_id-PAYM-2023-0047
2023-08-18 11:38:11,781 - root - INFO - parsed_url: ParseResult(scheme='http', netloc='erp.soulunileaders.com:8000', path='', params='', query='', fragment='')
2023-08-18 11:38:12,091 - root - INFO - config_file_path final API - /home/wsc/frappe-bench/apps/wsc/wsc/wsc/hdfcIntegration/hdfc_test_server_config.json
2023-08-18 11:38:12,092 - root - INFO - config_data for Final API - {'Merchant ID': '2649161', 'Access Code': 'AVYA87KG31AX44AYXA', 'Working Key': 'F5D6C4A01508C64EEF91EBDB72336ECB', 'Redirect URL': 'http://127.0.0.1:8080/ccavResponseHandler', 'Cancel URL': 'http://127.0.0.1:8080/ccavResponseHandler', 'Site Name': 'http://erp.soulunileaders.com:8000/app/onlinepayment/', 'Gateway Name': 'HDFC', 'Dev Type': 'Test'}
2023-08-18 11:38:12,464 - root - INFO - final_status_info ==Order ID: PAYM-2023-0047
Transaction ID: 312010186607
Gross Amount : 32
Order Amount : 32
Order Status: Shipped
Time of Transaction: 2023-08-18 11:38:07.487
Bank Ref No.: Y
2023-08-18 11:52:26,708 - root - INFO - Processing login function...
2023-08-18 11:52:26,708 - root - INFO - Input URL: http://erp.soulunileaders.com:8000/app/onlinepayment/PAYM-2023-0048
2023-08-18 11:52:26,708 - root - INFO - parsed_url: ParseResult(scheme='http', netloc='erp.soulunileaders.com:8000', path='/app/onlinepayment/PAYM-2023-0048', params='', query='', fragment='')
2023-08-18 11:52:26,708 - root - INFO - Processed URL: test
2023-08-18 11:52:26,709 - root - INFO - site_name: erp.soulunileaders.com
2023-08-18 11:52:26,709 - root - INFO - config_file_path: /home/wsc/frappe-bench/apps/wsc/wsc/wsc/hdfcIntegration/hdfc_test_server_config.json
2023-08-18 11:52:26,709 - root - INFO - config_data test: {'Merchant ID': '2649161', 'Access Code': 'AVYA87KG31AX44AYXA', 'Working Key': 'F5D6C4A01508C64EEF91EBDB72336ECB', 'Redirect URL': 'http://127.0.0.1:8080/ccavResponseHandler', 'Cancel URL': 'http://127.0.0.1:8080/ccavResponseHandler', 'Site Name': 'http://erp.soulunileaders.com:8000/app/onlinepayment/', 'Gateway Name': 'HDFC', 'Dev Type': 'Test'}
2023-08-18 11:52:26,712 - root - INFO - encryption: 098d740ea00bc982cfe6784a34d1c407c711acb5660b74dbd09edae58577708024ac82807918d9d98a190e68c15ce6f83498f3fc0758cde53c528a65ed245492d4f7058fb865f326859d8ad26de6102ab47affea806a4b954ba769d0a5ef5c1fe8368390fe935db5d99dffd655bf4d69625cf0b9c4b306fd705a9f75c9857cb1ad9dca1eff947fbb466db783d37848de0cb80d36c3d7e954c306569892d0b2ebbed5b72d3ce4703b8a361e5113f1a46886d45060b62d3b3b896fbda34eb10e2dae90122d5ad5a0ce16b89b1fdcec705f3c36a8e23d833d6c79c25ff1092e9fa87b4cdedb3fe6f2403af2269c100741f2588afa19d7769504acd1ea70cdf6d02b
2023-08-18 11:52:26,712 - root - INFO - accessCode: AVYA87KG31AX44AYXA
2023-08-18 11:52:26,712 - root - INFO - baseUrl: http://erp.soulunileaders.com:8000/app/onlinepayment/PAYM-2023-0048
2023-08-18 11:52:32,856 - root - INFO - transaction_data- {"response_data": {"b'order_id": ["PAYM-2023-0048"], "tracking_id": ["312010186736"], "bank_ref_no": ["null"], "order_status": ["Aborted"], "payment_mode": ["null"], "status_message": ["Cancel reason is not specified by the customer."], "currency": ["INR"], "amount": ["423.00"], "billing_name": ["EDUSTU"], "vault": ["N"], "offer_type": ["null"], "offer_code": ["null"], "discount_value": ["0.0"], "mer_amount": ["423.00"], "retry": ["N"], "trans_date": ["null"], "bin_country": ["\\x0b\\x0b\\x0b\\x0b\\x0b\\x0b\\x0b\\x0b\\x0b\\x0b\\x0b'"]}}
2023-08-18 11:52:32,857 - root - INFO - response_data-{"b'order_id": ['PAYM-2023-0048'], 'tracking_id': ['312010186736'], 'bank_ref_no': ['null'], 'order_status': ['Aborted'], 'payment_mode': ['null'], 'status_message': ['Cancel reason is not specified by the customer.'], 'currency': ['INR'], 'amount': ['423.00'], 'billing_name': ['EDUSTU'], 'vault': ['N'], 'offer_type': ['null'], 'offer_code': ['null'], 'discount_value': ['0.0'], 'mer_amount': ['423.00'], 'retry': ['N'], 'trans_date': ['null'], 'bin_country': ["\\x0b\\x0b\\x0b\\x0b\\x0b\\x0b\\x0b\\x0b\\x0b\\x0b\\x0b'"]}
2023-08-18 11:52:32,857 - root - INFO -  order_id-PAYM-2023-0048
2023-08-18 11:52:32,908 - root - INFO - parsed_url: ParseResult(scheme='http', netloc='erp.soulunileaders.com:8000', path='', params='', query='', fragment='')
2023-08-18 11:52:33,270 - root - INFO - config_file_path final API - /home/wsc/frappe-bench/apps/wsc/wsc/wsc/hdfcIntegration/hdfc_test_server_config.json
2023-08-18 11:52:33,271 - root - INFO - config_data for Final API - {'Merchant ID': '2649161', 'Access Code': 'AVYA87KG31AX44AYXA', 'Working Key': 'F5D6C4A01508C64EEF91EBDB72336ECB', 'Redirect URL': 'http://127.0.0.1:8080/ccavResponseHandler', 'Cancel URL': 'http://127.0.0.1:8080/ccavResponseHandler', 'Site Name': 'http://erp.soulunileaders.com:8000/app/onlinepayment/', 'Gateway Name': 'HDFC', 'Dev Type': 'Test'}
2023-08-18 11:52:33,642 - root - INFO - final_status_info ==Order ID: PAYM-2023-0048
Transaction ID: 312010186736
Gross Amount : 423
Order Amount : 423
Order Status: Aborted
Time of Transaction: 2023-08-18 11:52:27.21
Bank Ref No.: Cancel reason is not specified by the customer.
2023-08-18 11:54:27,191 - root - INFO - Processing login function...
2023-08-18 11:54:27,191 - root - INFO - Input URL: http://erp.soulunileaders.com:8000/app/onlinepayment/PAYM-2023-0049
2023-08-18 11:54:27,192 - root - INFO - parsed_url: ParseResult(scheme='http', netloc='erp.soulunileaders.com:8000', path='/app/onlinepayment/PAYM-2023-0049', params='', query='', fragment='')
2023-08-18 11:54:27,192 - root - INFO - Processed URL: test
2023-08-18 11:54:27,193 - root - INFO - site_name: erp.soulunileaders.com
2023-08-18 11:54:27,193 - root - INFO - config_file_path: /home/wsc/frappe-bench/apps/wsc/wsc/wsc/hdfcIntegration/hdfc_test_server_config.json
2023-08-18 11:54:27,194 - root - INFO - config_data test: {'Merchant ID': '2649161', 'Access Code': 'AVYA87KG31AX44AYXA', 'Working Key': 'F5D6C4A01508C64EEF91EBDB72336ECB', 'Redirect URL': 'http://127.0.0.1:8080/ccavResponseHandler', 'Cancel URL': 'http://127.0.0.1:8080/ccavResponseHandler', 'Site Name': 'http://erp.soulunileaders.com:8000/app/onlinepayment/', 'Gateway Name': 'HDFC', 'Dev Type': 'Test'}
2023-08-18 11:54:27,199 - root - INFO - encryption: 098d740ea00bc982cfe6784a34d1c407c711acb5660b74dbd09edae585777080cea2aa3040eb934fe2f935bdc763e7d2a7d0152ee5e88db14084e41a8229dde392ff406e6da5a048525312b2dba93e8158fe6a01f6fee1c546da2e5125518329e782ee81045e474295acacb0f32c539a549f7b2c25c8ae293776494b7b1878b9275bbc1ba7917c3586a32ebae1552808392de5b6dbf3e5c9bd290e6db200e0d1b828625fc045f5476d7511fdc6a1e42769c3eb0cf34136f41870374c9792e894997b59f5360e80440ca9cdf5c3b399fbd648af5bb6f8486d172edde36fd413198764b821d48de3e47ed7c8a4164d066b880684a9e87690a05a7c72c819de8e9f
2023-08-18 11:54:27,199 - root - INFO - accessCode: AVYA87KG31AX44AYXA
2023-08-18 11:54:27,200 - root - INFO - baseUrl: http://erp.soulunileaders.com:8000/app/onlinepayment/PAYM-2023-0049
2023-08-18 11:54:38,220 - root - INFO - transaction_data- {"response_data": {"b'order_id": ["PAYM-2023-0049"], "tracking_id": ["312010186751"], "bank_ref_no": ["null"], "order_status": ["Aborted"], "payment_mode": ["null"], "status_message": ["Cancel reason is not specified by the customer."], "currency": ["INR"], "amount": ["3.00"], "billing_name": ["EDUSTU"], "vault": ["N"], "offer_type": ["null"], "offer_code": ["null"], "discount_value": ["0.0"], "mer_amount": ["3.00"], "retry": ["N"], "trans_date": ["null"], "bin_country": ["\\x0f\\x0f\\x0f\\x0f\\x0f\\x0f\\x0f\\x0f\\x0f\\x0f\\x0f\\x0f\\x0f\\x0f\\x0f'"]}}
2023-08-18 11:54:38,220 - root - INFO - response_data-{"b'order_id": ['PAYM-2023-0049'], 'tracking_id': ['312010186751'], 'bank_ref_no': ['null'], 'order_status': ['Aborted'], 'payment_mode': ['null'], 'status_message': ['Cancel reason is not specified by the customer.'], 'currency': ['INR'], 'amount': ['3.00'], 'billing_name': ['EDUSTU'], 'vault': ['N'], 'offer_type': ['null'], 'offer_code': ['null'], 'discount_value': ['0.0'], 'mer_amount': ['3.00'], 'retry': ['N'], 'trans_date': ['null'], 'bin_country': ["\\x0f\\x0f\\x0f\\x0f\\x0f\\x0f\\x0f\\x0f\\x0f\\x0f\\x0f\\x0f\\x0f\\x0f\\x0f'"]}
2023-08-18 11:54:38,220 - root - INFO -  order_id-PAYM-2023-0049
2023-08-18 11:54:38,361 - root - INFO - parsed_url: ParseResult(scheme='http', netloc='erp.soulunileaders.com:8000', path='', params='', query='', fragment='')
2023-08-18 11:54:38,709 - root - INFO - config_file_path final API - /home/wsc/frappe-bench/apps/wsc/wsc/wsc/hdfcIntegration/hdfc_test_server_config.json
2023-08-18 11:54:38,710 - root - INFO - config_data for Final API - {'Merchant ID': '2649161', 'Access Code': 'AVYA87KG31AX44AYXA', 'Working Key': 'F5D6C4A01508C64EEF91EBDB72336ECB', 'Redirect URL': 'http://127.0.0.1:8080/ccavResponseHandler', 'Cancel URL': 'http://127.0.0.1:8080/ccavResponseHandler', 'Site Name': 'http://erp.soulunileaders.com:8000/app/onlinepayment/', 'Gateway Name': 'HDFC', 'Dev Type': 'Test'}
2023-08-18 11:54:44,144 - root - INFO - final_status_info ==Order ID: PAYM-2023-0049
Transaction ID: 312010186751
Gross Amount : 3
Order Amount : 3
Order Status: Aborted
Time of Transaction: 2023-08-18 11:54:27.447
Bank Ref No.: Cancel reason is not specified by the customer.
